('_DATA_/01_SMC Conference 2016/01_SMC Conference 2016.bib', True)
('_DATA_/02_SMC Conference 2015/02_SMC Conference 2015.bib', True)
 ! 011 -> 010 (_DATA_/02_SMC Conference 2015 smc_2015_011.pdf -> smc_2015_010.pdf)
 ! 012 -> 011 (_DATA_/02_SMC Conference 2015 smc_2015_012.pdf -> smc_2015_011.pdf)
 ! 013 -> 012 (_DATA_/02_SMC Conference 2015 smc_2015_013.pdf -> smc_2015_012.pdf)
 ! 014 -> 013 (_DATA_/02_SMC Conference 2015 smc_2015_014.pdf -> smc_2015_013.pdf)
 ! 015 -> 014 (_DATA_/02_SMC Conference 2015 smc_2015_015.pdf -> smc_2015_014.pdf)
 ! 016 -> 015 (_DATA_/02_SMC Conference 2015 smc_2015_016.pdf -> smc_2015_015.pdf)
 ! 017 -> 016 (_DATA_/02_SMC Conference 2015 smc_2015_017.pdf -> smc_2015_016.pdf)
 ! 018 -> 017 (_DATA_/02_SMC Conference 2015 smc_2015_018.pdf -> smc_2015_017.pdf)
 ! 019 -> 018 (_DATA_/02_SMC Conference 2015 smc_2015_019.pdf -> smc_2015_018.pdf)
 ! 020 -> 019 (_DATA_/02_SMC Conference 2015 smc_2015_020.pdf -> smc_2015_019.pdf)
 ! 021 -> 020 (_DATA_/02_SMC Conference 2015 smc_2015_021.pdf -> smc_2015_020.pdf)
 ! 022 -> 021 (_DATA_/02_SMC Conference 2015 smc_2015_022.pdf -> smc_2015_021.pdf)
 ! 023 -> 022 (_DATA_/02_SMC Conference 2015 smc_2015_023.pdf -> smc_2015_022.pdf)
 ! 024 -> 023 (_DATA_/02_SMC Conference 2015 smc_2015_024.pdf -> smc_2015_023.pdf)
 ! 025 -> 024 (_DATA_/02_SMC Conference 2015 smc_2015_025.pdf -> smc_2015_024.pdf)
 ! 026 -> 025 (_DATA_/02_SMC Conference 2015 smc_2015_026.pdf -> smc_2015_025.pdf)
 ! 027 -> 026 (_DATA_/02_SMC Conference 2015 smc_2015_027.pdf -> smc_2015_026.pdf)
 ! 028 -> 027 (_DATA_/02_SMC Conference 2015 smc_2015_028.pdf -> smc_2015_027.pdf)
 ! 029 -> 028 (_DATA_/02_SMC Conference 2015 smc_2015_029.pdf -> smc_2015_028.pdf)
 ! 030 -> 029 (_DATA_/02_SMC Conference 2015 smc_2015_030.pdf -> smc_2015_029.pdf)
 ! 031 -> 030 (_DATA_/02_SMC Conference 2015 smc_2015_031.pdf -> smc_2015_030.pdf)
 ! 032 -> 031 (_DATA_/02_SMC Conference 2015 smc_2015_032.pdf -> smc_2015_031.pdf)
 ! 033 -> 032 (_DATA_/02_SMC Conference 2015 smc_2015_033.pdf -> smc_2015_032.pdf)
 ! 034 -> 033 (_DATA_/02_SMC Conference 2015 smc_2015_034.pdf -> smc_2015_033.pdf)
 ! 035 -> 034 (_DATA_/02_SMC Conference 2015 smc_2015_035.pdf -> smc_2015_034.pdf)
 ! 036 -> 035 (_DATA_/02_SMC Conference 2015 smc_2015_036.pdf -> smc_2015_035.pdf)
 ! 037 -> 036 (_DATA_/02_SMC Conference 2015 smc_2015_037.pdf -> smc_2015_036.pdf)
 ! 038 -> 037 (_DATA_/02_SMC Conference 2015 smc_2015_038.pdf -> smc_2015_037.pdf)
 ! 039 -> 038 (_DATA_/02_SMC Conference 2015 smc_2015_039.pdf -> smc_2015_038.pdf)
 ! 040 -> 039 (_DATA_/02_SMC Conference 2015 smc_2015_040.pdf -> smc_2015_039.pdf)
 ! 041 -> 040 (_DATA_/02_SMC Conference 2015 smc_2015_041.pdf -> smc_2015_040.pdf)
 ! 042 -> 041 (_DATA_/02_SMC Conference 2015 smc_2015_042.pdf -> smc_2015_041.pdf)
 ! 043 -> 042 (_DATA_/02_SMC Conference 2015 smc_2015_043.pdf -> smc_2015_042.pdf)
 ! 044 -> 043 (_DATA_/02_SMC Conference 2015 smc_2015_044.pdf -> smc_2015_043.pdf)
 ! 045 -> 044 (_DATA_/02_SMC Conference 2015 smc_2015_045.pdf -> smc_2015_044.pdf)
 ! 046 -> 045 (_DATA_/02_SMC Conference 2015 smc_2015_046.pdf -> smc_2015_045.pdf)
 ! 047 -> 046 (_DATA_/02_SMC Conference 2015 smc_2015_047.pdf -> smc_2015_046.pdf)
 ! 048 -> 047 (_DATA_/02_SMC Conference 2015 smc_2015_048.pdf -> smc_2015_047.pdf)
 ! 049 -> 048 (_DATA_/02_SMC Conference 2015 smc_2015_049.pdf -> smc_2015_048.pdf)
 ! 050 -> 049 (_DATA_/02_SMC Conference 2015 smc_2015_050.pdf -> smc_2015_049.pdf)
 ! 051 -> 050 (_DATA_/02_SMC Conference 2015 smc_2015_051.pdf -> smc_2015_050.pdf)
 ! 052 -> 051 (_DATA_/02_SMC Conference 2015 smc_2015_052.pdf -> smc_2015_051.pdf)
 ! 053 -> 052 (_DATA_/02_SMC Conference 2015 smc_2015_053.pdf -> smc_2015_052.pdf)
 ! 054 -> 053 (_DATA_/02_SMC Conference 2015 smc_2015_054.pdf -> smc_2015_053.pdf)
 ! 055 -> 054 (_DATA_/02_SMC Conference 2015 smc_2015_055.pdf -> smc_2015_054.pdf)
 ! 056 -> 055 (_DATA_/02_SMC Conference 2015 smc_2015_056.pdf -> smc_2015_055.pdf)
 ! 057 -> 056 (_DATA_/02_SMC Conference 2015 smc_2015_057.pdf -> smc_2015_056.pdf)
 ! 058 -> 057 (_DATA_/02_SMC Conference 2015 smc_2015_058.pdf -> smc_2015_057.pdf)
 ! 059 -> 058 (_DATA_/02_SMC Conference 2015 smc_2015_059.pdf -> smc_2015_058.pdf)
 ! 060 -> 059 (_DATA_/02_SMC Conference 2015 smc_2015_060.pdf -> smc_2015_059.pdf)
 ! 061 -> 060 (_DATA_/02_SMC Conference 2015 smc_2015_061.pdf -> smc_2015_060.pdf)
 ! 062 -> 061 (_DATA_/02_SMC Conference 2015 smc_2015_062.pdf -> smc_2015_061.pdf)
 ! 063 -> 062 (_DATA_/02_SMC Conference 2015 smc_2015_063.pdf -> smc_2015_062.pdf)
 ! 064 -> 063 (_DATA_/02_SMC Conference 2015 smc_2015_064.pdf -> smc_2015_063.pdf)
 ! 065 -> 064 (_DATA_/02_SMC Conference 2015 smc_2015_065.pdf -> smc_2015_064.pdf)
 ! 066 -> 065 (_DATA_/02_SMC Conference 2015 smc_2015_066.pdf -> smc_2015_065.pdf)
 ! 067 -> 066 (_DATA_/02_SMC Conference 2015 smc_2015_067.pdf -> smc_2015_066.pdf)
 ! 068 -> 067 (_DATA_/02_SMC Conference 2015 smc_2015_068.pdf -> smc_2015_067.pdf)
 ! 069 -> 068 (_DATA_/02_SMC Conference 2015 smc_2015_069.pdf -> smc_2015_068.pdf)
 ! 070 -> 069 (_DATA_/02_SMC Conference 2015 smc_2015_070.pdf -> smc_2015_069.pdf)
 ! 071 -> 070 (_DATA_/02_SMC Conference 2015 smc_2015_071.pdf -> smc_2015_070.pdf)
 ! 072 -> 071 (_DATA_/02_SMC Conference 2015 smc_2015_072.pdf -> smc_2015_071.pdf)
 ! 073 -> 072 (_DATA_/02_SMC Conference 2015 smc_2015_073.pdf -> smc_2015_072.pdf)
 ! 074 -> 073 (_DATA_/02_SMC Conference 2015 smc_2015_074.pdf -> smc_2015_073.pdf)
Rewrote _DATA_/02_SMC Conference 2015/02_SMC Conference 2015.bib.
('_DATA_/03_SMC Conference 2014 (Joint with ICMC)/03_SMC Conference 2014 (Joint with ICMC).bib', True)
('_DATA_/04_SMC Conference 2013/04_SMC Conference 2013.bib', True)
('_DATA_/05_SMC Conference 2012/05_SMC Conference 2012.bib', True)
('_DATA_/06_SMC Conference 2011/06_SMC Conference 2011.bib', True)
('_DATA_/07_SMC Conference 2010/07_SMC Conference 2010.bib', True)
('_DATA_/08_SMC Conference 2009/08_SMC Conference 2009.bib', True)
('_DATA_/09_SMC Conference 2008/09_SMC Conference 2008.bib', True)
('_DATA_/10_SMC Conference 2007/10_SMC Conference 2007.bib', True)
('_DATA_/11_SMC Conference 2006/11_SMC Conference 2006.bib', True)
('_DATA_/12_SMC Conference 2005/12_SMC Conference 2005.bib', True)
('_DATA_/13_SMC Conference 2004/13_SMC Conference 2004.bib', True)
 ! 035 -> 034 (_DATA_/13_SMC Conference 2004 smc_2004_035.pdf -> smc_2004_034.pdf)
 ! 036 -> 035 (_DATA_/13_SMC Conference 2004 smc_2004_036.pdf -> smc_2004_035.pdf)
 ! 037 -> 036 (_DATA_/13_SMC Conference 2004 smc_2004_037.pdf -> smc_2004_036.pdf)
 ! 038 -> 037 (_DATA_/13_SMC Conference 2004 smc_2004_038.pdf -> smc_2004_037.pdf)
 ! 039 -> 038 (_DATA_/13_SMC Conference 2004 smc_2004_039.pdf -> smc_2004_038.pdf)
 ! 040 -> 039 (_DATA_/13_SMC Conference 2004 smc_2004_040.pdf -> smc_2004_039.pdf)
 ! 041 -> 040 (_DATA_/13_SMC Conference 2004 smc_2004_041.pdf -> smc_2004_040.pdf)
 ! 042 -> 041 (_DATA_/13_SMC Conference 2004 smc_2004_042.pdf -> smc_2004_041.pdf)
 ! 043 -> 042 (_DATA_/13_SMC Conference 2004 smc_2004_043.pdf -> smc_2004_042.pdf)
 ! 044 -> 043 (_DATA_/13_SMC Conference 2004 smc_2004_044.pdf -> smc_2004_043.pdf)
 ! 045 -> 044 (_DATA_/13_SMC Conference 2004 smc_2004_045.pdf -> smc_2004_044.pdf)
 ! 046 -> 045 (_DATA_/13_SMC Conference 2004 smc_2004_046.pdf -> smc_2004_045.pdf)
 ! 047 -> 046 (_DATA_/13_SMC Conference 2004 smc_2004_047.pdf -> smc_2004_046.pdf)
 ! 048 -> 047 (_DATA_/13_SMC Conference 2004 smc_2004_048.pdf -> smc_2004_047.pdf)
 ! 049 -> 048 (_DATA_/13_SMC Conference 2004 smc_2004_049.pdf -> smc_2004_048.pdf)
 ! 050 -> 049 (_DATA_/13_SMC Conference 2004 smc_2004_050.pdf -> smc_2004_049.pdf)
 ! 051 -> 050 (_DATA_/13_SMC Conference 2004 smc_2004_051.pdf -> smc_2004_050.pdf)
 ! 052 -> 051 (_DATA_/13_SMC Conference 2004 smc_2004_052.pdf -> smc_2004_051.pdf)
 ! 053 -> 052 (_DATA_/13_SMC Conference 2004 smc_2004_053.pdf -> smc_2004_052.pdf)
Rewrote _DATA_/13_SMC Conference 2004/13_SMC Conference 2004.bib.

Renamed/moved 83 files.


('_DATA_/01_SMC Conference 2016/01_SMC Conference 2016.bib', True)
('_DATA_/02_SMC Conference 2015/02_SMC Conference 2015.bib', True)
 ! 015 -> 014 (_DATA_/02_SMC Conference 2015 smc_2015_015.pdf -> smc_2015_014.pdf)
 ! 016 -> 015 (_DATA_/02_SMC Conference 2015 smc_2015_016.pdf -> smc_2015_015.pdf)
 ! 017 -> 016 (_DATA_/02_SMC Conference 2015 smc_2015_017.pdf -> smc_2015_016.pdf)
 ! 018 -> 017 (_DATA_/02_SMC Conference 2015 smc_2015_018.pdf -> smc_2015_017.pdf)
 ! 019 -> 018 (_DATA_/02_SMC Conference 2015 smc_2015_019.pdf -> smc_2015_018.pdf)
 ! 020 -> 019 (_DATA_/02_SMC Conference 2015 smc_2015_020.pdf -> smc_2015_019.pdf)
 ! 021 -> 020 (_DATA_/02_SMC Conference 2015 smc_2015_021.pdf -> smc_2015_020.pdf)
 ! 022 -> 021 (_DATA_/02_SMC Conference 2015 smc_2015_022.pdf -> smc_2015_021.pdf)
 ! 023 -> 022 (_DATA_/02_SMC Conference 2015 smc_2015_023.pdf -> smc_2015_022.pdf)
 ! 024 -> 023 (_DATA_/02_SMC Conference 2015 smc_2015_024.pdf -> smc_2015_023.pdf)
 ! 025 -> 024 (_DATA_/02_SMC Conference 2015 smc_2015_025.pdf -> smc_2015_024.pdf)
 ! 026 -> 025 (_DATA_/02_SMC Conference 2015 smc_2015_026.pdf -> smc_2015_025.pdf)
 ! 027 -> 026 (_DATA_/02_SMC Conference 2015 smc_2015_027.pdf -> smc_2015_026.pdf)
 ! 028 -> 027 (_DATA_/02_SMC Conference 2015 smc_2015_028.pdf -> smc_2015_027.pdf)
 ! 029 -> 028 (_DATA_/02_SMC Conference 2015 smc_2015_029.pdf -> smc_2015_028.pdf)
 ! 030 -> 029 (_DATA_/02_SMC Conference 2015 smc_2015_030.pdf -> smc_2015_029.pdf)
 ! 031 -> 030 (_DATA_/02_SMC Conference 2015 smc_2015_031.pdf -> smc_2015_030.pdf)
 ! 032 -> 031 (_DATA_/02_SMC Conference 2015 smc_2015_032.pdf -> smc_2015_031.pdf)
 ! 033 -> 032 (_DATA_/02_SMC Conference 2015 smc_2015_033.pdf -> smc_2015_032.pdf)
 ! 034 -> 033 (_DATA_/02_SMC Conference 2015 smc_2015_034.pdf -> smc_2015_033.pdf)
 ! 035 -> 034 (_DATA_/02_SMC Conference 2015 smc_2015_035.pdf -> smc_2015_034.pdf)
 ! 036 -> 035 (_DATA_/02_SMC Conference 2015 smc_2015_036.pdf -> smc_2015_035.pdf)
 ! 037 -> 036 (_DATA_/02_SMC Conference 2015 smc_2015_037.pdf -> smc_2015_036.pdf)
 ! 038 -> 037 (_DATA_/02_SMC Conference 2015 smc_2015_038.pdf -> smc_2015_037.pdf)
 ! 039 -> 038 (_DATA_/02_SMC Conference 2015 smc_2015_039.pdf -> smc_2015_038.pdf)
 ! 040 -> 039 (_DATA_/02_SMC Conference 2015 smc_2015_040.pdf -> smc_2015_039.pdf)
 ! 041 -> 040 (_DATA_/02_SMC Conference 2015 smc_2015_041.pdf -> smc_2015_040.pdf)
 ! 042 -> 041 (_DATA_/02_SMC Conference 2015 smc_2015_042.pdf -> smc_2015_041.pdf)
 ! 043 -> 042 (_DATA_/02_SMC Conference 2015 smc_2015_043.pdf -> smc_2015_042.pdf)
 ! 044 -> 043 (_DATA_/02_SMC Conference 2015 smc_2015_044.pdf -> smc_2015_043.pdf)
 ! 045 -> 044 (_DATA_/02_SMC Conference 2015 smc_2015_045.pdf -> smc_2015_044.pdf)
 ! 046 -> 045 (_DATA_/02_SMC Conference 2015 smc_2015_046.pdf -> smc_2015_045.pdf)
 ! 047 -> 046 (_DATA_/02_SMC Conference 2015 smc_2015_047.pdf -> smc_2015_046.pdf)
 ! 048 -> 047 (_DATA_/02_SMC Conference 2015 smc_2015_048.pdf -> smc_2015_047.pdf)
 ! 049 -> 048 (_DATA_/02_SMC Conference 2015 smc_2015_049.pdf -> smc_2015_048.pdf)
 ! 050 -> 049 (_DATA_/02_SMC Conference 2015 smc_2015_050.pdf -> smc_2015_049.pdf)
 ! 051 -> 050 (_DATA_/02_SMC Conference 2015 smc_2015_051.pdf -> smc_2015_050.pdf)
 ! 052 -> 051 (_DATA_/02_SMC Conference 2015 smc_2015_052.pdf -> smc_2015_051.pdf)
 ! 053 -> 052 (_DATA_/02_SMC Conference 2015 smc_2015_053.pdf -> smc_2015_052.pdf)
 ! 054 -> 053 (_DATA_/02_SMC Conference 2015 smc_2015_054.pdf -> smc_2015_053.pdf)
 ! 055 -> 054 (_DATA_/02_SMC Conference 2015 smc_2015_055.pdf -> smc_2015_054.pdf)
 ! 056 -> 055 (_DATA_/02_SMC Conference 2015 smc_2015_056.pdf -> smc_2015_055.pdf)
 ! 057 -> 056 (_DATA_/02_SMC Conference 2015 smc_2015_057.pdf -> smc_2015_056.pdf)
 ! 058 -> 057 (_DATA_/02_SMC Conference 2015 smc_2015_058.pdf -> smc_2015_057.pdf)
 ! 059 -> 058 (_DATA_/02_SMC Conference 2015 smc_2015_059.pdf -> smc_2015_058.pdf)
 ! 060 -> 059 (_DATA_/02_SMC Conference 2015 smc_2015_060.pdf -> smc_2015_059.pdf)
 ! 061 -> 060 (_DATA_/02_SMC Conference 2015 smc_2015_061.pdf -> smc_2015_060.pdf)
 ! 062 -> 061 (_DATA_/02_SMC Conference 2015 smc_2015_062.pdf -> smc_2015_061.pdf)
 ! 063 -> 062 (_DATA_/02_SMC Conference 2015 smc_2015_063.pdf -> smc_2015_062.pdf)
 ! 064 -> 063 (_DATA_/02_SMC Conference 2015 smc_2015_064.pdf -> smc_2015_063.pdf)
 ! 065 -> 064 (_DATA_/02_SMC Conference 2015 smc_2015_065.pdf -> smc_2015_064.pdf)
 ! 066 -> 065 (_DATA_/02_SMC Conference 2015 smc_2015_066.pdf -> smc_2015_065.pdf)
 ! 067 -> 066 (_DATA_/02_SMC Conference 2015 smc_2015_067.pdf -> smc_2015_066.pdf)
 ! 068 -> 067 (_DATA_/02_SMC Conference 2015 smc_2015_068.pdf -> smc_2015_067.pdf)
 ! 069 -> 068 (_DATA_/02_SMC Conference 2015 smc_2015_069.pdf -> smc_2015_068.pdf)
 ! 070 -> 069 (_DATA_/02_SMC Conference 2015 smc_2015_070.pdf -> smc_2015_069.pdf)
 ! 071 -> 070 (_DATA_/02_SMC Conference 2015 smc_2015_071.pdf -> smc_2015_070.pdf)
 ! 072 -> 071 (_DATA_/02_SMC Conference 2015 smc_2015_072.pdf -> smc_2015_071.pdf)
 ! 073 -> 072 (_DATA_/02_SMC Conference 2015 smc_2015_073.pdf -> smc_2015_072.pdf)
Rewrote _DATA_/02_SMC Conference 2015/02_SMC Conference 2015.bib.
('_DATA_/03_SMC Conference 2014 (Joint with ICMC)/03_SMC Conference 2014 (Joint with ICMC).bib', True)
('_DATA_/04_SMC Conference 2013/04_SMC Conference 2013.bib', True)
('_DATA_/05_SMC Conference 2012/05_SMC Conference 2012.bib', True)
('_DATA_/06_SMC Conference 2011/06_SMC Conference 2011.bib', True)
('_DATA_/07_SMC Conference 2010/07_SMC Conference 2010.bib', True)
('_DATA_/08_SMC Conference 2009/08_SMC Conference 2009.bib', True)
('_DATA_/09_SMC Conference 2008/09_SMC Conference 2008.bib', True)
('_DATA_/10_SMC Conference 2007/10_SMC Conference 2007.bib', True)
('_DATA_/11_SMC Conference 2006/11_SMC Conference 2006.bib', True)
('_DATA_/12_SMC Conference 2005/12_SMC Conference 2005.bib', True)
('_DATA_/13_SMC Conference 2004/13_SMC Conference 2004.bib', True)

Renamed/moved 59 files.
