('_DATA_/01_SMC Conference 2016/01_SMC Conference 2016.bib', True)
['author',
 'publisher',
 'file',
 'origtype',
 'urlhome',
 'month',
 'pages',
 'title',
 'ID',
 'venue',
 'numpaperorder',
 'booktitle',
 'editor',
 'ENTRYTYPE',
 'url',
 'volume',
 'origtitle',
 'issn',
 'year',
 'urlpdf',
 'isbn']
('_DATA_/02_SMC Conference 2015/02_SMC Conference 2015.bib', True)
6/73 OOOPS: {'origtitleb'}
10/73 OOOPS: {'numpaperorderorig'}
11/73 OOOPS: {'numpaperorderorig'}
12/73 OOOPS: {'numpaperorderorig'}
13/73 OOOPS: {'numpaperorderorig'}
14/73 OOOPS: {'numpaperorderorig'}
15/73 OOOPS: {'numpaperorderorig'}
16/73 OOOPS: {'numpaperorderorig'}
17/73 OOOPS: {'numpaperorderorig'}
18/73 OOOPS: {'numpaperorderorig'}
19/73 OOOPS: {'numpaperorderorig'}
20/73 OOOPS: {'numpaperorderorig'}
21/73 OOOPS: {'numpaperorderorig'}
22/73 OOOPS: {'numpaperorderorig'}
23/73 OOOPS: {'numpaperorderorig'}
24/73 OOOPS: {'numpaperorderorig'}
25/73 OOOPS: {'numpaperorderorig'}
26/73 OOOPS: {'numpaperorderorig'}
27/73 OOOPS: {'numpaperorderorig'}
28/73 OOOPS: {'numpaperorderorig'}
29/73 OOOPS: {'numpaperorderorig'}
30/73 OOOPS: {'numpaperorderorig'}
31/73 OOOPS: {'numpaperorderorig'}
32/73 OOOPS: {'numpaperorderorig'}
33/73 OOOPS: {'numpaperorderorig'}
34/73 OOOPS: {'numpaperorderorig'}
35/73 OOOPS: {'numpaperorderorig'}
36/73 OOOPS: {'numpaperorderorig'}
37/73 OOOPS: {'numpaperorderorig'}
38/73 OOOPS: {'numpaperorderorig'}
39/73 OOOPS: {'numpaperorderorig'}
40/73 OOOPS: {'numpaperorderorig'}
41/73 OOOPS: {'numpaperorderorig'}
42/73 OOOPS: {'numpaperorderorig'}
43/73 OOOPS: {'numpaperorderorig'}
44/73 OOOPS: {'numpaperorderorig'}
45/73 OOOPS: {'numpaperorderorig'}
46/73 OOOPS: {'numpaperorderorig'}
47/73 OOOPS: {'numpaperorderorig'}
48/73 OOOPS: {'numpaperorderorig'}
49/73 OOOPS: {'numpaperorderorig'}
50/73 OOOPS: {'numpaperorderorig'}
51/73 OOOPS: {'numpaperorderorig'}
52/73 OOOPS: {'numpaperorderorig'}
53/73 OOOPS: {'numpaperorderorig'}
54/73 OOOPS: {'numpaperorderorig'}
55/73 OOOPS: {'numpaperorderorig'}
56/73 OOOPS: {'numpaperorderorig'}
57/73 OOOPS: {'numpaperorderorig'}
58/73 OOOPS: {'numpaperorderorig'}
59/73 OOOPS: {'numpaperorderorig'}
60/73 OOOPS: {'numpaperorderorig'}
61/73 OOOPS: {'numpaperorderorig'}
62/73 OOOPS: {'numpaperorderorig'}
63/73 OOOPS: {'numpaperorderorig'}
64/73 OOOPS: {'numpaperorderorig'}
65/73 OOOPS: {'numpaperorderorig'}
66/73 OOOPS: {'numpaperorderorig'}
67/73 OOOPS: {'numpaperorderorig'}
68/73 OOOPS: {'numpaperorderorig'}
69/73 OOOPS: {'numpaperorderorig'}
70/73 OOOPS: {'numpaperorderorig'}
71/73 OOOPS: {'numpaperorderorig'}
72/73 OOOPS: {'numpaperorderorig'}
73/73 OOOPS: {'numpaperorderorig'}
('_DATA_/03_SMC Conference 2014 (Joint with ICMC)/03_SMC Conference 2014 (Joint with ICMC).bib', True)
('_DATA_/04_SMC Conference 2013/04_SMC Conference 2013.bib', True)
('_DATA_/05_SMC Conference 2012/05_SMC Conference 2012.bib', True)
('_DATA_/06_SMC Conference 2011/06_SMC Conference 2011.bib', True)
('_DATA_/07_SMC Conference 2010/07_SMC Conference 2010.bib', True)
('_DATA_/08_SMC Conference 2009/08_SMC Conference 2009.bib', True)
('_DATA_/09_SMC Conference 2008/09_SMC Conference 2008.bib', True)
('_DATA_/10_SMC Conference 2007/10_SMC Conference 2007.bib', True)
('_DATA_/11_SMC Conference 2006/11_SMC Conference 2006.bib', True)
('_DATA_/12_SMC Conference 2005/12_SMC Conference 2005.bib', True)
('_DATA_/13_SMC Conference 2004/13_SMC Conference 2004.bib', True)
33/52 OOOPS: {'origtitleb'}
34/52 OOOPS: {'numpaperorderorig'}
35/52 OOOPS: {'numpaperorderorig'}
36/52 OOOPS: {'numpaperorderorig'}
37/52 OOOPS: {'numpaperorderorig'}
38/52 OOOPS: {'numpaperorderorig'}
39/52 OOOPS: {'numpaperorderorig'}
40/52 OOOPS: {'numpaperorderorig'}
41/52 OOOPS: {'numpaperorderorig'}
42/52 OOOPS: {'numpaperorderorig'}
43/52 OOOPS: {'numpaperorderorig'}
44/52 OOOPS: {'numpaperorderorig'}
45/52 OOOPS: {'numpaperorderorig'}
46/52 OOOPS: {'numpaperorderorig'}
47/52 OOOPS: {'numpaperorderorig'}
48/52 OOOPS: {'numpaperorderorig'}
49/52 OOOPS: {'numpaperorderorig'}
50/52 OOOPS: {'numpaperorderorig'}
51/52 OOOPS: {'numpaperorderorig'}
52/52 OOOPS: {'numpaperorderorig'}

Done.
